<?xml version="1.0" encoding="UTF-8" ?>
<testsuite errors="0" failures="0" hostname="PC254205" name="test.unit.TestLoginServlet" skipped="2" tests="5" time="0.323" timestamp="2016-04-05T09:24:37">
  <properties>
[...]
</properties>
  <testcase classname="test.unit.TestLoginServlet" name="testDoPostHttpServletRequestHttpServletResponse" time="0.26" />
  <testcase classname="test.unit.TestLoginServlet" name="testDoGetHttpServletRequestHttpServletResponse" time="0.003" />
  <testcase classname="test.unit.TestLoginServlet" name="testDestroy" time="0.0">
    <skipped />
  </testcase>
  <testcase classname="test.unit.TestLoginServlet" name="testLoginServlet" time="0.002" />
  <testcase classname="test.unit.TestLoginServlet" name="testInitServletConfig" time="0.0">
    <skipped />
  </testcase>
  <system-out><![CDATA[Login doPost...
User: ashok | password: morYa
The service object is  Mock for UserService, hashCode: 33553623
Result: Login successfull...
Login doGet...
Result: We donot expose get method
]]></system-out>
  <system-err><![CDATA[]]></system-err>
</testsuite>
